{
  "src/math.js": {
    "all": false,
    "b": {
      "0": [
        2
      ],
      "1": [
        1
      ]
    },
    "branchMap": {
      "0": {
        "line": 1,
        "loc": {
          "end": {
            "column": 1,
            "line": 7
          },
          "start": {
            "column": 7,
            "line": 1
          }
        },
        "locations": [
          {
            "end": {
              "column": 1,
              "line": 7
            },
            "start": {
              "column": 7,
              "line": 1
            }
          }
        ],
        "type": "branch"
      },
      "1": {
        "line": 2,
        "loc": {
          "end": {
            "column": 1,
            "line": 7
          },
          "start": {
            "column": 18,
            "line": 2
          }
        },
        "locations": [
          {
            "end": {
              "column": 1,
              "line": 7
            },
            "start": {
              "column": 18,
              "line": 2
            }
          }
        ],
        "type": "branch"
      }
    },
    "f": {
      "0": 2
    },
    "fnMap": {
      "0": {
        "decl": {
          "end": {
            "column": 1,
            "line": 7
          },
          "start": {
            "column": 7,
            "line": 1
          }
        },
        "line": 1,
        "loc": {
          "end": {
            "column": 1,
            "line": 7
          },
          "start": {
            "column": 7,
            "line": 1
          }
        },
        "name": "adjust"
      }
    },
    "path": "/tmp/covgate-xtask-fixture-vitest-basic-pass-1773592270350/src/math.js",
    "s": {
      "0": 1,
      "1": 2,
      "2": 1,
      "3": 1,
      "5": 1,
      "6": 1
    },
    "statementMap": {
      "0": {
        "end": {
          "column": 31,
          "line": 1
        },
        "start": {
          "column": 0,
          "line": 1
        }
      },
      "1": {
        "end": {
          "column": 19,
          "line": 2
        },
        "start": {
          "column": 0,
          "line": 2
        }
      },
      "2": {
        "end": {
          "column": 21,
          "line": 3
        },
        "start": {
          "column": 0,
          "line": 3
        }
      },
      "3": {
        "end": {
          "column": 3,
          "line": 4
        },
        "start": {
          "column": 0,
          "line": 4
        }
      },
      "5": {
        "end": {
          "column": 19,
          "line": 6
        },
        "start": {
          "column": 0,
          "line": 6
        }
      },
      "6": {
        "end": {
          "column": 1,
          "line": 7
        },
        "start": {
          "column": 0,
          "line": 7
        }
      }
    }
  }
}
