{
  "src/math.js": {
    "all": false,
    "b": {
      "0": [
        1
      ]
    },
    "branchMap": {
      "0": {
        "line": 1,
        "loc": {
          "end": {
            "column": 1,
            "line": 8
          },
          "start": {
            "column": 7,
            "line": 1
          }
        },
        "locations": [
          {
            "end": {
              "column": 1,
              "line": 8
            },
            "start": {
              "column": 7,
              "line": 1
            }
          }
        ],
        "type": "branch"
      }
    },
    "f": {
      "0": 1,
      "1": 0
    },
    "fnMap": {
      "0": {
        "decl": {
          "end": {
            "column": 1,
            "line": 8
          },
          "start": {
            "column": 7,
            "line": 1
          }
        },
        "line": 1,
        "loc": {
          "end": {
            "column": 1,
            "line": 8
          },
          "start": {
            "column": 7,
            "line": 1
          }
        },
        "name": "summarize"
      },
      "1": {
        "decl": {
          "end": {
            "column": 1,
            "line": 13
          },
          "start": {
            "column": 7,
            "line": 10
          }
        },
        "line": 10,
        "loc": {
          "end": {
            "column": 1,
            "line": 13
          },
          "start": {
            "column": 7,
            "line": 10
          }
        },
        "name": "neverCalled"
      }
    },
    "path": "/tmp/covgate-xtask-fixture-vitest-statement-line-divergence-1773944387870/src/math.js",
    "s": {
      "0": 1,
      "1": 1,
      "10": 0,
      "11": 0,
      "12": 0,
      "2": 1,
      "3": 1,
      "4": 1,
      "5": 1,
      "6": 1,
      "7": 1,
      "9": 1
    },
    "statementMap": {
      "0": {
        "end": {
          "column": 34,
          "line": 1
        },
        "start": {
          "column": 0,
          "line": 1
        }
      },
      "1": {
        "end": {
          "column": 18,
          "line": 2
        },
        "start": {
          "column": 0,
          "line": 2
        }
      },
      "10": {
        "end": {
          "column": 27,
          "line": 11
        },
        "start": {
          "column": 0,
          "line": 11
        }
      },
      "11": {
        "end": {
          "column": 20,
          "line": 12
        },
        "start": {
          "column": 0,
          "line": 12
        }
      },
      "12": {
        "end": {
          "column": 1,
          "line": 13
        },
        "start": {
          "column": 0,
          "line": 13
        }
      },
      "2": {
        "end": {
          "column": 10,
          "line": 3
        },
        "start": {
          "column": 0,
          "line": 3
        }
      },
      "3": {
        "end": {
          "column": 14,
          "line": 4
        },
        "start": {
          "column": 0,
          "line": 4
        }
      },
      "4": {
        "end": {
          "column": 14,
          "line": 5
        },
        "start": {
          "column": 0,
          "line": 5
        }
      },
      "5": {
        "end": {
          "column": 4,
          "line": 6
        },
        "start": {
          "column": 0,
          "line": 6
        }
      },
      "6": {
        "end": {
          "column": 26,
          "line": 7
        },
        "start": {
          "column": 0,
          "line": 7
        }
      },
      "7": {
        "end": {
          "column": 1,
          "line": 8
        },
        "start": {
          "column": 0,
          "line": 8
        }
      },
      "9": {
        "end": {
          "column": 36,
          "line": 10
        },
        "start": {
          "column": 0,
          "line": 10
        }
      }
    }
  }
}
