{
  "src/math.js": {
    "all": false,
    "b": {
      "0": [
        1
      ],
      "1": [
        0
      ]
    },
    "branchMap": {
      "0": {
        "line": 1,
        "loc": {
          "end": {
            "column": 1,
            "line": 7
          },
          "start": {
            "column": 7,
            "line": 1
          }
        },
        "locations": [
          {
            "end": {
              "column": 1,
              "line": 7
            },
            "start": {
              "column": 7,
              "line": 1
            }
          }
        ],
        "type": "branch"
      },
      "1": {
        "line": 4,
        "loc": {
          "end": {
            "column": 1,
            "line": 7
          },
          "start": {
            "column": 2,
            "line": 4
          }
        },
        "locations": [
          {
            "end": {
              "column": 1,
              "line": 7
            },
            "start": {
              "column": 2,
              "line": 4
            }
          }
        ],
        "type": "branch"
      }
    },
    "f": {
      "0": 1,
      "1": 0
    },
    "fnMap": {
      "0": {
        "decl": {
          "end": {
            "column": 1,
            "line": 7
          },
          "start": {
            "column": 7,
            "line": 1
          }
        },
        "line": 1,
        "loc": {
          "end": {
            "column": 1,
            "line": 7
          },
          "start": {
            "column": 7,
            "line": 1
          }
        },
        "name": "adjust"
      },
      "1": {
        "decl": {
          "end": {
            "column": 1,
            "line": 15
          },
          "start": {
            "column": 7,
            "line": 9
          }
        },
        "line": 9,
        "loc": {
          "end": {
            "column": 1,
            "line": 15
          },
          "start": {
            "column": 7,
            "line": 9
          }
        },
        "name": "neverCalled"
      }
    },
    "path": "/tmp/covgate-xtask-fixture-vitest-basic-fail-1773592349374/src/math.js",
    "s": {
      "0": 1,
      "1": 1,
      "10": 0,
      "11": 0,
      "13": 0,
      "14": 0,
      "2": 1,
      "3": 1,
      "5": 0,
      "6": 0,
      "8": 1,
      "9": 0
    },
    "statementMap": {
      "0": {
        "end": {
          "column": 31,
          "line": 1
        },
        "start": {
          "column": 0,
          "line": 1
        }
      },
      "1": {
        "end": {
          "column": 19,
          "line": 2
        },
        "start": {
          "column": 0,
          "line": 2
        }
      },
      "10": {
        "end": {
          "column": 13,
          "line": 11
        },
        "start": {
          "column": 0,
          "line": 11
        }
      },
      "11": {
        "end": {
          "column": 3,
          "line": 12
        },
        "start": {
          "column": 0,
          "line": 12
        }
      },
      "13": {
        "end": {
          "column": 19,
          "line": 14
        },
        "start": {
          "column": 0,
          "line": 14
        }
      },
      "14": {
        "end": {
          "column": 1,
          "line": 15
        },
        "start": {
          "column": 0,
          "line": 15
        }
      },
      "2": {
        "end": {
          "column": 21,
          "line": 3
        },
        "start": {
          "column": 0,
          "line": 3
        }
      },
      "3": {
        "end": {
          "column": 3,
          "line": 4
        },
        "start": {
          "column": 0,
          "line": 4
        }
      },
      "5": {
        "end": {
          "column": 19,
          "line": 6
        },
        "start": {
          "column": 0,
          "line": 6
        }
      },
      "6": {
        "end": {
          "column": 1,
          "line": 7
        },
        "start": {
          "column": 0,
          "line": 7
        }
      },
      "8": {
        "end": {
          "column": 36,
          "line": 9
        },
        "start": {
          "column": 0,
          "line": 9
        }
      },
      "9": {
        "end": {
          "column": 20,
          "line": 10
        },
        "start": {
          "column": 0,
          "line": 10
        }
      }
    }
  }
}
