{
  "src/auth/authService.ts": {
    "b": {
      "0": [
        2,
        0
      ],
      "1": [
        0,
        1
      ],
      "2": [
        0,
        1
      ],
      "3": [
        0,
        1
      ],
      "4": [
        0,
        0,
        0
      ],
      "5": [
        1,
        0
      ]
    },
    "branchMap": {
      "0": {
        "line": 5,
        "loc": {
          "end": {
            "column": null,
            "line": 5
          },
          "start": {
            "column": 2,
            "line": 5
          }
        },
        "locations": [
          {
            "end": {
              "column": 35,
              "line": 5
            },
            "start": {
              "column": 2,
              "line": 5
            }
          },
          {
            "end": {
              "column": null,
              "line": 5
            },
            "start": {
              "column": 35,
              "line": 5
            }
          }
        ],
        "type": "binary-expr"
      },
      "1": {
        "line": 10,
        "loc": {
          "end": {
            "column": null,
            "line": 11
          },
          "start": {
            "column": 2,
            "line": 10
          }
        },
        "locations": [
          {
            "end": {
              "column": null,
              "line": 11
            },
            "start": {
              "column": 2,
              "line": 10
            }
          },
          {
            "end": {},
            "start": {}
          }
        ],
        "type": "if"
      },
      "2": {
        "line": 14,
        "loc": {
          "end": {
            "column": null,
            "line": 16
          },
          "start": {
            "column": 2,
            "line": 14
          }
        },
        "locations": [
          {
            "end": {
              "column": null,
              "line": 16
            },
            "start": {
              "column": 2,
              "line": 14
            }
          },
          {
            "end": {},
            "start": {}
          }
        ],
        "type": "if"
      },
      "3": {
        "line": 25,
        "loc": {
          "end": {
            "column": null,
            "line": 26
          },
          "start": {
            "column": 2,
            "line": 25
          }
        },
        "locations": [
          {
            "end": {
              "column": null,
              "line": 26
            },
            "start": {
              "column": 2,
              "line": 25
            }
          },
          {
            "end": {},
            "start": {}
          }
        ],
        "type": "if"
      },
      "4": {
        "line": 26,
        "loc": {
          "end": {
            "column": null,
            "line": 26
          },
          "start": {
            "column": 11,
            "line": 26
          }
        },
        "locations": [
          {
            "end": {
              "column": 55,
              "line": 26
            },
            "start": {
              "column": 11,
              "line": 26
            }
          },
          {
            "end": {
              "column": 76,
              "line": 26
            },
            "start": {
              "column": 59,
              "line": 26
            }
          },
          {
            "end": {
              "column": null,
              "line": 26
            },
            "start": {
              "column": 76,
              "line": 26
            }
          }
        ],
        "type": "binary-expr"
      },
      "5": {
        "line": 29,
        "loc": {
          "end": {
            "column": null,
            "line": 29
          },
          "start": {
            "column": 9,
            "line": 29
          }
        },
        "locations": [
          {
            "end": {
              "column": 26,
              "line": 29
            },
            "start": {
              "column": 9,
              "line": 29
            }
          },
          {
            "end": {
              "column": null,
              "line": 29
            },
            "start": {
              "column": 26,
              "line": 29
            }
          }
        ],
        "type": "binary-expr"
      }
    },
    "f": {
      "0": 2,
      "1": 1,
      "2": 1
    },
    "fnMap": {
      "0": {
        "decl": {
          "end": {
            "column": null,
            "line": 4
          },
          "start": {
            "column": 13,
            "line": 4
          }
        },
        "line": 5,
        "loc": {
          "end": {
            "column": null,
            "line": 5
          },
          "start": {
            "column": 2,
            "line": 5
          }
        },
        "name": "(anonymous_0)"
      },
      "1": {
        "decl": {
          "end": {
            "column": 33,
            "line": 7
          },
          "start": {
            "column": 13,
            "line": 7
          }
        },
        "line": 7,
        "loc": {
          "end": {
            "column": null,
            "line": 19
          },
          "start": {
            "column": 51,
            "line": 7
          }
        },
        "name": "(anonymous_1)"
      },
      "2": {
        "decl": {
          "end": {
            "column": 35,
            "line": 22
          },
          "start": {
            "column": 13,
            "line": 22
          }
        },
        "line": 22,
        "loc": {
          "end": {
            "column": null,
            "line": 29
          },
          "start": {
            "column": 35,
            "line": 22
          }
        },
        "name": "(anonymous_2)"
      }
    },
    "meta": {
      "lastBranch": 6,
      "lastFunction": 3,
      "lastStatement": 17,
      "seen": {
        "b:10:2:11:Infinity:undefined:undefined:undefined:undefined": 1,
        "b:14:2:16:Infinity:undefined:undefined:undefined:undefined": 2,
        "b:25:2:26:Infinity:undefined:undefined:undefined:undefined": 3,
        "b:26:11:26:55:26:59:26:76:26:76:26:Infinity": 4,
        "b:29:9:29:26:29:26:29:Infinity": 5,
        "b:5:2:5:35:5:35:5:Infinity": 0,
        "f:22:13:22:35": 2,
        "f:4:13:4:Infinity": 0,
        "f:7:13:7:33": 1,
        "s:10:2:11:Infinity": 6,
        "s:11:4:11:Infinity": 7,
        "s:14:2:16:Infinity": 8,
        "s:15:4:15:Infinity": 9,
        "s:16:4:16:Infinity": 10,
        "s:19:2:19:Infinity": 11,
        "s:1:24:1:49": 0,
        "s:22:13:29:Infinity": 12,
        "s:23:24:23:60": 13,
        "s:25:2:26:Infinity": 14,
        "s:26:4:26:Infinity": 15,
        "s:29:2:29:Infinity": 16,
        "s:2:24:2:Infinity": 1,
        "s:4:13:5:Infinity": 2,
        "s:5:2:5:Infinity": 3,
        "s:7:13:19:Infinity": 4,
        "s:8:26:8:38": 5
      }
    },
    "path": "src/auth/authService.ts",
    "s": {
      "0": 1,
      "1": 1,
      "10": 0,
      "11": 1,
      "12": 1,
      "13": 1,
      "14": 1,
      "15": 0,
      "16": 1,
      "2": 1,
      "3": 2,
      "4": 1,
      "5": 1,
      "6": 1,
      "7": 0,
      "8": 1,
      "9": 0
    },
    "statementMap": {
      "0": {
        "end": {
          "column": 49,
          "line": 1
        },
        "start": {
          "column": 24,
          "line": 1
        }
      },
      "1": {
        "end": {
          "column": null,
          "line": 2
        },
        "start": {
          "column": 24,
          "line": 2
        }
      },
      "10": {
        "end": {
          "column": null,
          "line": 16
        },
        "start": {
          "column": 4,
          "line": 16
        }
      },
      "11": {
        "end": {
          "column": null,
          "line": 19
        },
        "start": {
          "column": 2,
          "line": 19
        }
      },
      "12": {
        "end": {
          "column": null,
          "line": 29
        },
        "start": {
          "column": 13,
          "line": 22
        }
      },
      "13": {
        "end": {
          "column": 60,
          "line": 23
        },
        "start": {
          "column": 24,
          "line": 23
        }
      },
      "14": {
        "end": {
          "column": null,
          "line": 26
        },
        "start": {
          "column": 2,
          "line": 25
        }
      },
      "15": {
        "end": {
          "column": null,
          "line": 26
        },
        "start": {
          "column": 4,
          "line": 26
        }
      },
      "16": {
        "end": {
          "column": null,
          "line": 29
        },
        "start": {
          "column": 2,
          "line": 29
        }
      },
      "2": {
        "end": {
          "column": null,
          "line": 5
        },
        "start": {
          "column": 13,
          "line": 4
        }
      },
      "3": {
        "end": {
          "column": null,
          "line": 5
        },
        "start": {
          "column": 2,
          "line": 5
        }
      },
      "4": {
        "end": {
          "column": null,
          "line": 19
        },
        "start": {
          "column": 13,
          "line": 7
        }
      },
      "5": {
        "end": {
          "column": 38,
          "line": 8
        },
        "start": {
          "column": 26,
          "line": 8
        }
      },
      "6": {
        "end": {
          "column": null,
          "line": 11
        },
        "start": {
          "column": 2,
          "line": 10
        }
      },
      "7": {
        "end": {
          "column": null,
          "line": 11
        },
        "start": {
          "column": 4,
          "line": 11
        }
      },
      "8": {
        "end": {
          "column": null,
          "line": 16
        },
        "start": {
          "column": 2,
          "line": 14
        }
      },
      "9": {
        "end": {
          "column": null,
          "line": 15
        },
        "start": {
          "column": 4,
          "line": 15
        }
      }
    }
  },
  "src/auth/msalConfig.ts": {
    "b": {
      "0": [
        0,
        1
      ],
      "1": [
        0,
        1
      ],
      "2": [
        1,
        0
      ]
    },
    "branchMap": {
      "0": {
        "line": 12,
        "loc": {
          "end": {
            "column": null,
            "line": 13
          },
          "start": {
            "column": 2,
            "line": 12
          }
        },
        "locations": [
          {
            "end": {
              "column": null,
              "line": 13
            },
            "start": {
              "column": 2,
              "line": 12
            }
          },
          {
            "end": {},
            "start": {}
          }
        ],
        "type": "if"
      },
      "1": {
        "line": 20,
        "loc": {
          "end": {
            "column": null,
            "line": 21
          },
          "start": {
            "column": 2,
            "line": 20
          }
        },
        "locations": [
          {
            "end": {
              "column": null,
              "line": 21
            },
            "start": {
              "column": 2,
              "line": 20
            }
          },
          {
            "end": {},
            "start": {}
          }
        ],
        "type": "if"
      },
      "2": {
        "line": 24,
        "loc": {
          "end": {
            "column": null,
            "line": 25
          },
          "start": {
            "column": 2,
            "line": 24
          }
        },
        "locations": [
          {
            "end": {
              "column": null,
              "line": 25
            },
            "start": {
              "column": 2,
              "line": 24
            }
          },
          {
            "end": {},
            "start": {}
          }
        ],
        "type": "if"
      }
    },
    "f": {
      "0": 1,
      "1": 1
    },
    "fnMap": {
      "0": {
        "decl": {
          "end": {
            "column": 38,
            "line": 11
          },
          "start": {
            "column": 13,
            "line": 11
          }
        },
        "line": 11,
        "loc": {
          "end": {
            "column": null,
            "line": 16
          },
          "start": {
            "column": 38,
            "line": 11
          }
        },
        "name": "(anonymous_0)"
      },
      "1": {
        "decl": {
          "end": {
            "column": 37,
            "line": 19
          },
          "start": {
            "column": 13,
            "line": 19
          }
        },
        "line": 19,
        "loc": {
          "end": {
            "column": null,
            "line": 28
          },
          "start": {
            "column": 37,
            "line": 19
          }
        },
        "name": "(anonymous_1)"
      }
    },
    "meta": {
      "lastBranch": 3,
      "lastFunction": 2,
      "lastStatement": 13,
      "seen": {
        "b:12:2:13:Infinity:undefined:undefined:undefined:undefined": 0,
        "b:20:2:21:Infinity:undefined:undefined:undefined:undefined": 1,
        "b:24:2:25:Infinity:undefined:undefined:undefined:undefined": 2,
        "f:11:13:11:38": 0,
        "f:19:13:19:37": 1,
        "s:11:13:16:Infinity": 3,
        "s:12:2:13:Infinity": 4,
        "s:13:4:13:Infinity": 5,
        "s:16:2:16:Infinity": 6,
        "s:19:13:28:Infinity": 7,
        "s:1:21:1:Infinity": 0,
        "s:20:2:21:Infinity": 8,
        "s:21:4:21:Infinity": 9,
        "s:24:2:25:Infinity": 10,
        "s:25:4:25:Infinity": 11,
        "s:28:2:28:Infinity": 12,
        "s:2:20:2:Infinity": 1,
        "s:4:26:8:Infinity": 2
      }
    },
    "path": "src/auth/msalConfig.ts",
    "s": {
      "0": 1,
      "1": 1,
      "10": 1,
      "11": 1,
      "12": 0,
      "2": 1,
      "3": 1,
      "4": 1,
      "5": 0,
      "6": 1,
      "7": 1,
      "8": 1,
      "9": 0
    },
    "statementMap": {
      "0": {
        "end": {
          "column": null,
          "line": 1
        },
        "start": {
          "column": 21,
          "line": 1
        }
      },
      "1": {
        "end": {
          "column": null,
          "line": 2
        },
        "start": {
          "column": 20,
          "line": 2
        }
      },
      "10": {
        "end": {
          "column": null,
          "line": 25
        },
        "start": {
          "column": 2,
          "line": 24
        }
      },
      "11": {
        "end": {
          "column": null,
          "line": 25
        },
        "start": {
          "column": 4,
          "line": 25
        }
      },
      "12": {
        "end": {
          "column": null,
          "line": 28
        },
        "start": {
          "column": 2,
          "line": 28
        }
      },
      "2": {
        "end": {
          "column": null,
          "line": 8
        },
        "start": {
          "column": 26,
          "line": 4
        }
      },
      "3": {
        "end": {
          "column": null,
          "line": 16
        },
        "start": {
          "column": 13,
          "line": 11
        }
      },
      "4": {
        "end": {
          "column": null,
          "line": 13
        },
        "start": {
          "column": 2,
          "line": 12
        }
      },
      "5": {
        "end": {
          "column": null,
          "line": 13
        },
        "start": {
          "column": 4,
          "line": 13
        }
      },
      "6": {
        "end": {
          "column": null,
          "line": 16
        },
        "start": {
          "column": 2,
          "line": 16
        }
      },
      "7": {
        "end": {
          "column": null,
          "line": 28
        },
        "start": {
          "column": 13,
          "line": 19
        }
      },
      "8": {
        "end": {
          "column": null,
          "line": 21
        },
        "start": {
          "column": 2,
          "line": 20
        }
      },
      "9": {
        "end": {
          "column": null,
          "line": 21
        },
        "start": {
          "column": 4,
          "line": 21
        }
      }
    }
  },
  "src/fixtures/fixtureSeed.ts": {
    "b": {
      "0": [
        0,
        1
      ]
    },
    "branchMap": {
      "0": {
        "line": 19,
        "loc": {
          "end": {
            "column": null,
            "line": 22
          },
          "start": {
            "column": 2,
            "line": 19
          }
        },
        "locations": [
          {
            "end": {
              "column": null,
              "line": 22
            },
            "start": {
              "column": 2,
              "line": 19
            }
          },
          {
            "end": {
              "column": null,
              "line": 22
            },
            "start": {
              "column": 9,
              "line": 21
            }
          }
        ],
        "type": "if"
      }
    },
    "f": {
      "0": 1
    },
    "fnMap": {
      "0": {
        "decl": {
          "end": {
            "column": 33,
            "line": 16
          },
          "start": {
            "column": 16,
            "line": 16
          }
        },
        "line": 16,
        "loc": {
          "end": {
            "column": null,
            "line": 31
          },
          "start": {
            "column": 61,
            "line": 16
          }
        },
        "name": "applyFixtureSeed"
      }
    },
    "meta": {
      "lastBranch": 1,
      "lastFunction": 1,
      "lastStatement": 6,
      "seen": {
        "b:19:2:22:Infinity:21:9:22:Infinity": 0,
        "f:16:16:16:33": 0,
        "s:17:23:17:35": 0,
        "s:19:2:22:Infinity": 1,
        "s:20:4:20:Infinity": 2,
        "s:22:4:22:Infinity": 3,
        "s:25:22:29:Infinity": 4,
        "s:31:2:31:Infinity": 5
      }
    },
    "path": "src/fixtures/fixtureSeed.ts",
    "s": {
      "0": 1,
      "1": 1,
      "2": 0,
      "3": 1,
      "4": 1,
      "5": 1
    },
    "statementMap": {
      "0": {
        "end": {
          "column": 35,
          "line": 17
        },
        "start": {
          "column": 23,
          "line": 17
        }
      },
      "1": {
        "end": {
          "column": null,
          "line": 22
        },
        "start": {
          "column": 2,
          "line": 19
        }
      },
      "2": {
        "end": {
          "column": null,
          "line": 20
        },
        "start": {
          "column": 4,
          "line": 20
        }
      },
      "3": {
        "end": {
          "column": null,
          "line": 22
        },
        "start": {
          "column": 4,
          "line": 22
        }
      },
      "4": {
        "end": {
          "column": null,
          "line": 29
        },
        "start": {
          "column": 22,
          "line": 25
        }
      },
      "5": {
        "end": {
          "column": null,
          "line": 31
        },
        "start": {
          "column": 2,
          "line": 31
        }
      }
    }
  }
}
